#
# A fatal error has been detected by the Java Runtime Environment:
#
#  SIGSEGV (0xb) at pc=0x0000000000000000, pid=6052, tid=139753661843200
#
# JRE version: 7.0_21-b02
# Java VM: OpenJDK 64-Bit Server VM (23.7-b01 mixed mode linux-amd64 compressed oops)
# Problematic frame:
# C  0x0000000000000000
#
# Failed to write core dump. Core dumps have been disabled. To enable core dumping, try "ulimit -c unlimited" before starting Java again
#
# If you would like to submit a bug report, please include
# instructions on how to reproduce the bug and visit:
#   https://bugs.launchpad.net/ubuntu/+source/openjdk-7/
#

---------------  T H R E A D  ---------------

Current thread (0x00007f1a6800c000):  JavaThread "main" [_thread_in_Java, id=6058, stack(0x00007f1a6f5ec000,0x00007f1aef5ed000)]

siginfo:si_signo=SIGSEGV: si_errno=0, si_code=1 (SEGV_MAPERR), si_addr=0x0000000000000000

Registers:
RAX=0x0000000000000000, RBX=0x00000000d5a17818, RCX=0x00000000f5560da0, RDX=0x000000000c800001
RSP=0x00007f1aef5eaab0, RBP=0x00007f1aef5eab00, RSI=0x0000000000000000, RDI=0x0000000000000000
R8 =0x00007f1a65005400, R9 =0x0000000000000001, R10=0x00007f1af0ac72a0, R11=0x0000000000000001
R12=0x0000000000000000, R13=0x00007f1aef5eaab8, R14=0x00007f1aef5eab08, R15=0x00007f1a6800c000
RIP=0x0000000000000000, EFLAGS=0x0000000000010246, CSGSFS=0x0000000000000033, ERR=0x0000000000000014
  TRAPNO=0x000000000000000e

Top of Stack: (sp=0x00007f1aef5eaab0)
0x00007f1aef5eaab0:   00007f1a65006510 00000000f5560da0
0x00007f1aef5eaac0:   00007f1aef5eaac0 00000000d5a2884b
0x00007f1aef5eaad0:   00007f1aef5eab08 00000000d5abf2f8
0x00007f1aef5eaae0:   0000000000000000 00000000d5a28888
0x00007f1aef5eaaf0:   00007f1aef5eaab8 00007f1aef5eab10
0x00007f1aef5eab00:   00007f1aef5eab70 00007f1a6500050d
0x00007f1aef5eab10:   00007f1a00001fa0 0000000000000000
0x00007f1aef5eab20:   00007f1aef5eac70 00007f1aef5eac80
0x00007f1aef5eab30:   00007f1a6800c000 00007f1a6800cb78
0x00007f1aef5eab40:   00007f1aef5eabd0 00007f1aef5eac78
0x00007f1aef5eab50:   00007f1a0000000a 00000000d5a28888
0x00007f1aef5eab60:   00007f1a65017040 00007f1aef5eac88
0x00007f1aef5eab70:   00007f1aef5eac40 00007f1af03359cc
0x00007f1aef5eab80:   00007f1a00000000 00007f1a6800c000
0x00007f1aef5eab90:   00007f1a65017040 00007f1a0000000a
0x00007f1aef5eaba0:   00007f1a6800c000 00007f1a680093f0
0x00007f1aef5eabb0:   00007f1a6800c9c0 00007f1a6800cb80
0x00007f1aef5eabc0:   00007f1a6800cda8 00007f1aef5eae40
0x00007f1aef5eabd0:   00007f1a6800c000 00007f1a680b3ff0
0x00007f1aef5eabe0:   00000000d5a28888 0000000000000000
0x00007f1aef5eabf0:   00007f1aef5eb4d0 00007f1a65019f93
0x00007f1aef5eac00:   00007f1aef5eb520 00007f1aef5eac70
0x00007f1aef5eac10:   00007f1a6800cda8 00000000d5a28888
0x00007f1aef5eac20:   00007f1a680093f0 00007f1a6800c000
0x00007f1aef5eac30:   00000000d5a02dd0 00007f1a6800cac8
0x00007f1aef5eac40:   00007f1aef5eac60 00007f1af0335475
0x00007f1aef5eac50:   00007f1a6800cb78 00007f1a6800cac8
0x00007f1aef5eac60:   00007f1aef5ead20 00007f1af02f4231
0x00007f1aef5eac70:   00007f1a0000000e 00007f1a680093f0
0x00007f1aef5eac80:   0000000000000001 0000000000000001
0x00007f1aef5eac90:   00007f1a6800cb68 00007f1af0ab8f00
0x00007f1aef5eaca0:   00007f1aef5eace0 00007f1af04eec2c 

Instructions: (pc=0x0000000000000000)
0xffffffffffffffe0:   

Register to memory mapping:

RAX=0x0000000000000000 is an unknown value
RBX=0x00000000d5a17818 is an oop
{method} 
 - klass: {other class}
RCX=0x00000000f5560da0 is an oop
java.lang.Class 
 - klass: 'java/lang/Class'
RDX=0x000000000c800001 is an unknown value
RSP=0x00007f1aef5eaab0 is pointing into the stack for thread: 0x00007f1a6800c000
RBP=0x00007f1aef5eab00 is pointing into the stack for thread: 0x00007f1a6800c000
RSI=0x0000000000000000 is an unknown value
RDI=0x0000000000000000 is an unknown value
R8 =0x00007f1a65005400 is an unknown value
R9 =0x0000000000000001 is an unknown value
R10=0x00007f1af0ac72a0: <offset 0xcbc2a0> in /usr/lib/jvm/java-7-openjdk-amd64/jre/lib/amd64/server/libjvm.so at 0x00007f1aefe0b000
R11=0x0000000000000001 is an unknown value
R12=0x0000000000000000 is an unknown value
R13=0x00007f1aef5eaab8 is pointing into the stack for thread: 0x00007f1a6800c000
R14=0x00007f1aef5eab08 is pointing into the stack for thread: 0x00007f1a6800c000
R15=0x00007f1a6800c000 is a thread


Stack: [0x00007f1a6f5ec000,0x00007f1aef5ed000],  sp=0x00007f1aef5eaab0,  free space=2097146k

---------------  P R O C E S S  ---------------

Java Threads: ( => current thread )
=>0x00007f1a6800c000 JavaThread "main" [_thread_in_Java, id=6058, stack(0x00007f1a6f5ec000,0x00007f1aef5ed000)]

Other Threads:
  0x00007f1a680b2800 VMThread [stack: 0x00007f1a6404c000,0x00007f1a6414d000] [id=6067]

VM state:not at safepoint (normal execution)

VM Mutex/Monitor currently owned by a thread: None

Heap
 PSYoungGen      total 37056K, used 636K [0x00000000f5560000, 0x00000000f7eb0000, 0x0000000100000000)
  eden space 31808K, 2% used [0x00000000f5560000,0x00000000f55ff110,0x00000000f7470000)
  from space 5248K, 0% used [0x00000000f7990000,0x00000000f7990000,0x00000000f7eb0000)
  to   space 5248K, 0% used [0x00000000f7470000,0x00000000f7470000,0x00000000f7990000)
 ParOldGen       total 84672K, used 0K [0x00000000e0000000, 0x00000000e52b0000, 0x00000000f5560000)
  object space 84672K, 0% used [0x00000000e0000000,0x00000000e0000000,0x00000000e52b0000)
 PSPermGen       total 21248K, used 910K [0x00000000d5a00000, 0x00000000d6ec0000, 0x00000000e0000000)
  object space 21248K, 4% used [0x00000000d5a00000,0x00000000d5ae3b00,0x00000000d6ec0000)

Card table byte_map: [0x00007f1a6dd05000,0x00007f1a6de59000] byte_map_base: 0x00007f1a6d658000

Polling page: 0x00007f1af18ff000

Code Cache  [0x00007f1a65000000, 0x00007f1a65270000, 0x00007f1a68000000)
 total_blobs=60 nmethods=0 adapters=36 free_code_cache=48826Kb largest_free_block=49997760

Compilation events (0 events):
No events

GC Heap History (0 events):
No events

Deoptimization events (0 events):
No events

Internal exceptions (0 events):
No events

Events (10 events):
Event: 0.027 loading class 0x00007f1a68036480 done
Event: 0.027 loading class 0x00007f1a68036450 done
Event: 0.027 loading class 0x00007f1a68068ae0
Event: 0.027 loading class 0x00007f1a68068ae0 done
Event: 0.027 loading class 0x00007f1a68074990
Event: 0.027 loading class 0x00007f1a68074990 done
Event: 0.027 loading class 0x00007f1a68085c50
Event: 0.028 loading class 0x00007f1a68085c50 done
Event: 0.028 loading class 0x00007f1a68085c80
Event: 0.028 loading class 0x00007f1a68085c80 done


Dynamic libraries:
00400000-00401000 r-xp 00000000 08:06 1060089                            /usr/lib/jvm/java-7-openjdk-amd64/jre/bin/java
00600000-00601000 r--p 00000000 08:06 1060089                            /usr/lib/jvm/java-7-openjdk-amd64/jre/bin/java
00601000-00602000 rw-p 00001000 08:06 1060089                            /usr/lib/jvm/java-7-openjdk-amd64/jre/bin/java
0240e000-0242f000 rw-p 00000000 00:00 0                                  [heap]
d5a00000-d6ec0000 rw-p 00000000 00:00 0 
d6ec0000-e0000000 rw-p 00000000 00:00 0 
e0000000-e52b0000 rw-p 00000000 00:00 0 
e52b0000-f5560000 rw-p 00000000 00:00 0 
f5560000-f7eb0000 rw-p 00000000 00:00 0 
f7eb0000-100000000 rw-p 00000000 00:00 0 
7f1a20000000-7f1a20021000 rw-p 00000000 00:00 0 
7f1a20021000-7f1a24000000 ---p 00000000 00:00 0 
7f1a28000000-7f1a28021000 rw-p 00000000 00:00 0 
7f1a28021000-7f1a2c000000 ---p 00000000 00:00 0 
7f1a30000000-7f1a30021000 rw-p 00000000 00:00 0 
7f1a30021000-7f1a34000000 ---p 00000000 00:00 0 
7f1a38000000-7f1a38021000 rw-p 00000000 00:00 0 
7f1a38021000-7f1a3c000000 ---p 00000000 00:00 0 
7f1a40000000-7f1a40021000 rw-p 00000000 00:00 0 
7f1a40021000-7f1a44000000 ---p 00000000 00:00 0 
7f1a48000000-7f1a48021000 rw-p 00000000 00:00 0 
7f1a48021000-7f1a4c000000 ---p 00000000 00:00 0 
7f1a50000000-7f1a50021000 rw-p 00000000 00:00 0 
7f1a50021000-7f1a54000000 ---p 00000000 00:00 0 
7f1a58000000-7f1a58021000 rw-p 00000000 00:00 0 
7f1a58021000-7f1a5c000000 ---p 00000000 00:00 0 
7f1a5ead0000-7f1a60000000 rw-p 00000000 00:00 0 
7f1a60000000-7f1a60021000 rw-p 00000000 00:00 0 
7f1a60021000-7f1a64000000 ---p 00000000 00:00 0 
7f1a6404c000-7f1a6404d000 ---p 00000000 00:00 0 
7f1a6404d000-7f1a65000000 rw-p 00000000 00:00 0                          [stack:6067]
7f1a65000000-7f1a65270000 rwxp 00000000 00:00 0 
7f1a65270000-7f1a680c5000 rw-p 00000000 00:00 0 
7f1a680c5000-7f1a6c000000 ---p 00000000 00:00 0 
7f1a6c000000-7f1a6cddc000 rw-p 00000000 00:00 0 
7f1a6cddc000-7f1a6cf89000 r--s 01cde000 08:06 1060051                    /usr/lib/jvm/java-7-openjdk-amd64/jre/lib/rt.jar
7f1a6cf89000-7f1a6d4fd000 rw-p 00000000 00:00 0 
7f1a6d4fd000-7f1a6d4fe000 ---p 00000000 00:00 0 
7f1a6d4fe000-7f1a6d5fe000 rw-p 00000000 00:00 0                          [stack:6066]
7f1a6d5fe000-7f1a6d5ff000 ---p 00000000 00:00 0 
7f1a6d5ff000-7f1a6d6ff000 rw-p 00000000 00:00 0                          [stack:6065]
7f1a6d6ff000-7f1a6d700000 ---p 00000000 00:00 0 
7f1a6d700000-7f1a6d800000 rw-p 00000000 00:00 0                          [stack:6064]
7f1a6d800000-7f1a6d801000 ---p 00000000 00:00 0 
7f1a6d801000-7f1a6d901000 rw-p 00000000 00:00 0                          [stack:6063]
7f1a6d901000-7f1a6d902000 ---p 00000000 00:00 0 
7f1a6d902000-7f1a6da02000 rw-p 00000000 00:00 0                          [stack:6062]
7f1a6da02000-7f1a6da03000 ---p 00000000 00:00 0 
7f1a6da03000-7f1a6db03000 rw-p 00000000 00:00 0                          [stack:6061]
7f1a6db03000-7f1a6db04000 ---p 00000000 00:00 0 
7f1a6db04000-7f1a6dc04000 rw-p 00000000 00:00 0                          [stack:6060]
7f1a6dc04000-7f1a6dc05000 ---p 00000000 00:00 0 
7f1a6dc05000-7f1a6dd10000 rw-p 00000000 00:00 0                          [stack:6059]
7f1a6dd10000-7f1a6dd58000 rw-p 00000000 00:00 0 
7f1a6dd58000-7f1a6dd82000 rw-p 00000000 00:00 0 
7f1a6dd82000-7f1a6de02000 rw-p 00000000 00:00 0 
7f1a6de02000-7f1a6de18000 rw-p 00000000 00:00 0 
7f1a6de18000-7f1a6de58000 rw-p 00000000 00:00 0 
7f1a6de58000-7f1a6de59000 rw-p 00000000 00:00 0 
7f1a6de59000-7f1a6de61000 r-xp 00000000 08:06 1060088                    /usr/lib/jvm/java-7-openjdk-amd64/jre/lib/amd64/libzip.so
7f1a6de61000-7f1a6e060000 ---p 00008000 08:06 1060088                    /usr/lib/jvm/java-7-openjdk-amd64/jre/lib/amd64/libzip.so
7f1a6e060000-7f1a6e061000 r--p 00007000 08:06 1060088                    /usr/lib/jvm/java-7-openjdk-amd64/jre/lib/amd64/libzip.so
7f1a6e061000-7f1a6e062000 rw-p 00008000 08:06 1060088                    /usr/lib/jvm/java-7-openjdk-amd64/jre/lib/amd64/libzip.so
7f1a6e062000-7f1a6e06e000 r-xp 00000000 08:06 1050172                    /lib/x86_64-linux-gnu/libnss_files-2.17.so
7f1a6e06e000-7f1a6e26d000 ---p 0000c000 08:06 1050172                    /lib/x86_64-linux-gnu/libnss_files-2.17.so
7f1a6e26d000-7f1a6e26e000 r--p 0000b000 08:06 1050172                    /lib/x86_64-linux-gnu/libnss_files-2.17.so
7f1a6e26e000-7f1a6e26f000 rw-p 0000c000 08:06 1050172                    /lib/x86_64-linux-gnu/libnss_files-2.17.so
7f1a6e26f000-7f1a6e27a000 r-xp 00000000 08:06 1050155                    /lib/x86_64-linux-gnu/libnss_nis-2.17.so
7f1a6e27a000-7f1a6e479000 ---p 0000b000 08:06 1050155                    /lib/x86_64-linux-gnu/libnss_nis-2.17.so
7f1a6e479000-7f1a6e47a000 r--p 0000a000 08:06 1050155                    /lib/x86_64-linux-gnu/libnss_nis-2.17.so
7f1a6e47a000-7f1a6e47b000 rw-p 0000b000 08:06 1050155                    /lib/x86_64-linux-gnu/libnss_nis-2.17.so
7f1a6e47b000-7f1a6e492000 r-xp 00000000 08:06 1050039                    /lib/x86_64-linux-gnu/libnsl-2.17.so
7f1a6e492000-7f1a6e691000 ---p 00017000 08:06 1050039                    /lib/x86_64-linux-gnu/libnsl-2.17.so
7f1a6e691000-7f1a6e692000 r--p 00016000 08:06 1050039                    /lib/x86_64-linux-gnu/libnsl-2.17.so
7f1a6e692000-7f1a6e693000 rw-p 00017000 08:06 1050039                    /lib/x86_64-linux-gnu/libnsl-2.17.so
7f1a6e693000-7f1a6e695000 rw-p 00000000 00:00 0 
7f1a6e695000-7f1a6e69d000 r-xp 00000000 08:06 1050149                    /lib/x86_64-linux-gnu/libnss_compat-2.17.so
7f1a6e69d000-7f1a6e89c000 ---p 00008000 08:06 1050149                    /lib/x86_64-linux-gnu/libnss_compat-2.17.so
7f1a6e89c000-7f1a6e89d000 r--p 00007000 08:06 1050149                    /lib/x86_64-linux-gnu/libnss_compat-2.17.so
7f1a6e89d000-7f1a6e89e000 rw-p 00008000 08:06 1050149                    /lib/x86_64-linux-gnu/libnss_compat-2.17.so
7f1a6e89e000-7f1a6eb67000 r--p 00000000 08:06 1178060                    /usr/lib/locale/locale-archive
7f1a6eb67000-7f1a6eb6a000 r-xp 00000000 08:06 1060055                    /usr/lib/jvm/java-7-openjdk-amd64/jre/lib/amd64/libnpt.so
7f1a6eb6a000-7f1a6ed69000 ---p 00003000 08:06 1060055                    /usr/lib/jvm/java-7-openjdk-amd64/jre/lib/amd64/libnpt.so
7f1a6ed69000-7f1a6ed6a000 r--p 00002000 08:06 1060055                    /usr/lib/jvm/java-7-openjdk-amd64/jre/lib/amd64/libnpt.so
7f1a6ed6a000-7f1a6ed6b000 rw-p 00003000 08:06 1060055                    /usr/lib/jvm/java-7-openjdk-amd64/jre/lib/amd64/libnpt.so
7f1a6ed6b000-7f1a6eda5000 r-xp 00000000 08:06 1060060                    /usr/lib/jvm/java-7-openjdk-amd64/jre/lib/amd64/libjdwp.so
7f1a6eda5000-7f1a6efa4000 ---p 0003a000 08:06 1060060                    /usr/lib/jvm/java-7-openjdk-amd64/jre/lib/amd64/libjdwp.so
7f1a6efa4000-7f1a6efa5000 r--p 00039000 08:06 1060060                    /usr/lib/jvm/java-7-openjdk-amd64/jre/lib/amd64/libjdwp.so
7f1a6efa5000-7f1a6efa6000 rw-p 0003a000 08:06 1060060                    /usr/lib/jvm/java-7-openjdk-amd64/jre/lib/amd64/libjdwp.so
7f1a6efa6000-7f1a6efd1000 r-xp 00000000 08:06 1060073                    /usr/lib/jvm/java-7-openjdk-amd64/jre/lib/amd64/libjava.so
7f1a6efd1000-7f1a6f1d0000 ---p 0002b000 08:06 1060073                    /usr/lib/jvm/java-7-openjdk-amd64/jre/lib/amd64/libjava.so
7f1a6f1d0000-7f1a6f1d1000 r--p 0002a000 08:06 1060073                    /usr/lib/jvm/java-7-openjdk-amd64/jre/lib/amd64/libjava.so
7f1a6f1d1000-7f1a6f1d3000 rw-p 0002b000 08:06 1060073                    /usr/lib/jvm/java-7-openjdk-amd64/jre/lib/amd64/libjava.so
7f1a6f1d3000-7f1a6f1e2000 r-xp 00000000 08:06 1060072                    /usr/lib/jvm/java-7-openjdk-amd64/jre/lib/amd64/libverify.so
7f1a6f1e2000-7f1a6f3e1000 ---p 0000f000 08:06 1060072                    /usr/lib/jvm/java-7-openjdk-amd64/jre/lib/amd64/libverify.so
7f1a6f3e1000-7f1a6f3e3000 r--p 0000e000 08:06 1060072                    /usr/lib/jvm/java-7-openjdk-amd64/jre/lib/amd64/libverify.so
7f1a6f3e3000-7f1a6f3e4000 rw-p 00010000 08:06 1060072                    /usr/lib/jvm/java-7-openjdk-amd64/jre/lib/amd64/libverify.so
7f1a6f3e4000-7f1a6f3eb000 r-xp 00000000 08:06 1049933                    /lib/x86_64-linux-gnu/librt-2.17.so
7f1a6f3eb000-7f1a6f5ea000 ---p 00007000 08:06 1049933                    /lib/x86_64-linux-gnu/librt-2.17.so
7f1a6f5ea000-7f1a6f5eb000 r--p 00006000 08:06 1049933                    /lib/x86_64-linux-gnu/librt-2.17.so
7f1a6f5eb000-7f1a6f5ec000 rw-p 00007000 08:06 1049933                    /lib/x86_64-linux-gnu/librt-2.17.so
7f1a6f5ec000-7f1a6f5ef000 ---p 00000000 00:00 0 
7f1a6f5ef000-7f1aef5ed000 rw-p 00000000 00:00 0                          [stack:6058]
7f1aef5ed000-7f1aef601000 r-xp 00000000 08:06 1048639                    /lib/x86_64-linux-gnu/libgcc_s.so.1
7f1aef601000-7f1aef801000 ---p 00014000 08:06 1048639                    /lib/x86_64-linux-gnu/libgcc_s.so.1
7f1aef801000-7f1aef802000 r--p 00014000 08:06 1048639                    /lib/x86_64-linux-gnu/libgcc_s.so.1
7f1aef802000-7f1aef803000 rw-p 00015000 08:06 1048639                    /lib/x86_64-linux-gnu/libgcc_s.so.1
7f1aef803000-7f1aef906000 r-xp 00000000 08:06 1050153                    /lib/x86_64-linux-gnu/libm-2.17.so
7f1aef906000-7f1aefb06000 ---p 00103000 08:06 1050153                    /lib/x86_64-linux-gnu/libm-2.17.so
7f1aefb06000-7f1aefb07000 r--p 00103000 08:06 1050153                    /lib/x86_64-linux-gnu/libm-2.17.so
7f1aefb07000-7f1aefb08000 rw-p 00104000 08:06 1050153                    /lib/x86_64-linux-gnu/libm-2.17.so
7f1aefb08000-7f1aefbed000 r-xp 00000000 08:06 1178455                    /usr/lib/x86_64-linux-gnu/libstdc++.so.6.0.17
7f1aefbed000-7f1aefdec000 ---p 000e5000 08:06 1178455                    /usr/lib/x86_64-linux-gnu/libstdc++.so.6.0.17
7f1aefdec000-7f1aefdf4000 r--p 000e4000 08:06 1178455                    /usr/lib/x86_64-linux-gnu/libstdc++.so.6.0.17
7f1aefdf4000-7f1aefdf6000 rw-p 000ec000 08:06 1178455                    /usr/lib/x86_64-linux-gnu/libstdc++.so.6.0.17
7f1aefdf6000-7f1aefe0b000 rw-p 00000000 00:00 0 
7f1aefe0b000-7f1af0806000 r-xp 00000000 08:06 1060077                    /usr/lib/jvm/java-7-openjdk-amd64/jre/lib/amd64/server/libjvm.so
7f1af0806000-7f1af0a05000 ---p 009fb000 08:06 1060077                    /usr/lib/jvm/java-7-openjdk-amd64/jre/lib/amd64/server/libjvm.so
7f1af0a05000-7f1af0a84000 r--p 009fa000 08:06 1060077                    /usr/lib/jvm/java-7-openjdk-amd64/jre/lib/amd64/server/libjvm.so
7f1af0a84000-7f1af0aa7000 rw-p 00a79000 08:06 1060077                    /usr/lib/jvm/java-7-openjdk-amd64/jre/lib/amd64/server/libjvm.so
7f1af0aa7000-7f1af0ad2000 rw-p 00000000 00:00 0 
7f1af0ad2000-7f1af0ae8000 r-xp 00000000 08:06 1048665                    /lib/x86_64-linux-gnu/libz.so.1.2.7
7f1af0ae8000-7f1af0ce7000 ---p 00016000 08:06 1048665                    /lib/x86_64-linux-gnu/libz.so.1.2.7
7f1af0ce7000-7f1af0ce8000 r--p 00015000 08:06 1048665                    /lib/x86_64-linux-gnu/libz.so.1.2.7
7f1af0ce8000-7f1af0ce9000 rw-p 00016000 08:06 1048665                    /lib/x86_64-linux-gnu/libz.so.1.2.7
7f1af0ce9000-7f1af0d01000 r-xp 00000000 08:06 1050151                    /lib/x86_64-linux-gnu/libpthread-2.17.so
7f1af0d01000-7f1af0f00000 ---p 00018000 08:06 1050151                    /lib/x86_64-linux-gnu/libpthread-2.17.so
7f1af0f00000-7f1af0f01000 r--p 00017000 08:06 1050151                    /lib/x86_64-linux-gnu/libpthread-2.17.so
7f1af0f01000-7f1af0f02000 rw-p 00018000 08:06 1050151                    /lib/x86_64-linux-gnu/libpthread-2.17.so
7f1af0f02000-7f1af0f06000 rw-p 00000000 00:00 0 
7f1af0f06000-7f1af0f09000 r-xp 00000000 08:06 1050137                    /lib/x86_64-linux-gnu/libdl-2.17.so
7f1af0f09000-7f1af1108000 ---p 00003000 08:06 1050137                    /lib/x86_64-linux-gnu/libdl-2.17.so
7f1af1108000-7f1af1109000 r--p 00002000 08:06 1050137                    /lib/x86_64-linux-gnu/libdl-2.17.so
7f1af1109000-7f1af110a000 rw-p 00003000 08:06 1050137                    /lib/x86_64-linux-gnu/libdl-2.17.so
7f1af110a000-7f1af12c8000 r-xp 00000000 08:06 1050136                    /lib/x86_64-linux-gnu/libc-2.17.so
7f1af12c8000-7f1af14c7000 ---p 001be000 08:06 1050136                    /lib/x86_64-linux-gnu/libc-2.17.so
7f1af14c7000-7f1af14cb000 r--p 001bd000 08:06 1050136                    /lib/x86_64-linux-gnu/libc-2.17.so
7f1af14cb000-7f1af14cd000 rw-p 001c1000 08:06 1050136                    /lib/x86_64-linux-gnu/libc-2.17.so
7f1af14cd000-7f1af14d2000 rw-p 00000000 00:00 0 
7f1af14d2000-7f1af14df000 r-xp 00000000 08:06 1060056                    /usr/lib/jvm/java-7-openjdk-amd64/jre/lib/amd64/jli/libjli.so
7f1af14df000-7f1af16de000 ---p 0000d000 08:06 1060056                    /usr/lib/jvm/java-7-openjdk-amd64/jre/lib/amd64/jli/libjli.so
7f1af16de000-7f1af16df000 r--p 0000c000 08:06 1060056                    /usr/lib/jvm/java-7-openjdk-amd64/jre/lib/amd64/jli/libjli.so
7f1af16df000-7f1af16e0000 rw-p 0000d000 08:06 1060056                    /usr/lib/jvm/java-7-openjdk-amd64/jre/lib/amd64/jli/libjli.so
7f1af16e0000-7f1af1703000 r-xp 00000000 08:06 1050057                    /lib/x86_64-linux-gnu/ld-2.17.so
7f1af1707000-7f1af1733000 rw-p 00000000 00:00 0 
7f1af1733000-7f1af177b000 rw-p 00000000 00:00 0 
7f1af177b000-7f1af17a5000 rw-p 00000000 00:00 0 
7f1af17a5000-7f1af1826000 rw-p 00000000 00:00 0 
7f1af1826000-7f1af1830000 rw-p 00000000 00:00 0 
7f1af1830000-7f1af18e6000 rw-p 00000000 00:00 0 
7f1af18e6000-7f1af18eb000 rw-p 00000000 00:00 0 
7f1af18f6000-7f1af18fe000 rw-s 00000000 08:06 135662                     /tmp/hsperfdata_stuart/6052
7f1af18fe000-7f1af18ff000 rw-p 00000000 00:00 0 
7f1af18ff000-7f1af1900000 r--p 00000000 00:00 0 
7f1af1900000-7f1af1902000 rw-p 00000000 00:00 0 
7f1af1902000-7f1af1903000 r--p 00022000 08:06 1050057                    /lib/x86_64-linux-gnu/ld-2.17.so
7f1af1903000-7f1af1905000 rw-p 00023000 08:06 1050057                    /lib/x86_64-linux-gnu/ld-2.17.so
7fff4afe1000-7fff4b002000 rw-p 00000000 00:00 0                          [stack]
7fff4b168000-7fff4b16a000 r-xp 00000000 00:00 0                          [vdso]
ffffffffff600000-ffffffffff601000 r-xp 00000000 00:00 0                  [vsyscall]

VM Arguments:
jvm_args: -agentlib:jdwp=transport=dt_socket,suspend=y,address=localhost:39738 -Xmx512m -Xss2048M -Dfile.encoding=UTF-8 
java_command: com.google.gwt.dev.DevMode -remoteUI 38714:3620488172719 -startupUrl NomicUI.html -logLevel INFO -codeServerPort 9997 -port 8888 -war /home/stuart/workspace/NomicUI/war com.nomic.NomicUI
Launcher Type: SUN_STANDARD

Environment Variables:
PATH=/usr/lib/lightdm/lightdm:/usr/local/sbin:/usr/local/bin:/usr/sbin:/usr/bin:/sbin:/bin:/usr/games:/usr/local/games
SHELL=/bin/bash
DISPLAY=:0.0

Signal Handlers:
SIGSEGV: [libjvm.so+0x857ed0], sa_mask[0]=0x7ffbfeff, sa_flags=0x10000004
SIGBUS: [libjvm.so+0x857ed0], sa_mask[0]=0x7ffbfeff, sa_flags=0x10000004
SIGFPE: [libjvm.so+0x6f8ab0], sa_mask[0]=0x7ffbfeff, sa_flags=0x10000004
SIGPIPE: [libjvm.so+0x6f8ab0], sa_mask[0]=0x7ffbfeff, sa_flags=0x10000004
SIGXFSZ: [libjvm.so+0x6f8ab0], sa_mask[0]=0x7ffbfeff, sa_flags=0x10000004
SIGILL: [libjvm.so+0x6f8ab0], sa_mask[0]=0x7ffbfeff, sa_flags=0x10000004
SIGUSR1: SIG_DFL, sa_mask[0]=0x00000000, sa_flags=0x00000000
SIGUSR2: [libjvm.so+0x6f8e80], sa_mask[0]=0x00000004, sa_flags=0x10000004
SIGHUP: SIG_DFL, sa_mask[0]=0x00000000, sa_flags=0x00000000
SIGINT: SIG_DFL, sa_mask[0]=0x00000000, sa_flags=0x00000000
SIGTERM: SIG_DFL, sa_mask[0]=0x00000000, sa_flags=0x00000000
SIGQUIT: SIG_DFL, sa_mask[0]=0x00000000, sa_flags=0x00000000


---------------  S Y S T E M  ---------------

OS:Ubuntu 13.04 (raring)
uname:Linux 3.8.0-23-generic #34-Ubuntu SMP Wed May 29 20:22:58 UTC 2013 x86_64
libc:glibc 2.17 NPTL 2.17 
rlimit: STACK 8192k, CORE 0k, NPROC 63319, NOFILE 4096, AS infinity
load average:0.72 0.84 0.63

/proc/meminfo:
MemTotal:        8123992 kB
MemFree:         5592380 kB
Buffers:           18792 kB
Cached:           686960 kB
SwapCached:            0 kB
Active:          1819212 kB
Inactive:         537172 kB
Active(anon):    1659524 kB
Inactive(anon):   235388 kB
Active(file):     159688 kB
Inactive(file):   301784 kB
Unevictable:          32 kB
Mlocked:              32 kB
SwapTotal:             0 kB
SwapFree:              0 kB
Dirty:                28 kB
Writeback:             0 kB
AnonPages:       1650776 kB
Mapped:            89640 kB
Shmem:            244276 kB
Slab:              62164 kB
SReclaimable:      29648 kB
SUnreclaim:        32516 kB
KernelStack:        4560 kB
PageTables:        30904 kB
NFS_Unstable:          0 kB
Bounce:                0 kB
WritebackTmp:          0 kB
CommitLimit:     4061996 kB
Committed_AS:    6946068 kB
VmallocTotal:   34359738367 kB
VmallocUsed:      654540 kB
VmallocChunk:   34359077372 kB
HardwareCorrupted:     0 kB
AnonHugePages:         0 kB
HugePages_Total:       0
HugePages_Free:        0
HugePages_Rsvd:        0
HugePages_Surp:        0
Hugepagesize:       2048 kB
DirectMap4k:       61440 kB
DirectMap2M:     8275968 kB


CPU:total 8 (4 cores per cpu, 2 threads per core) family 6 model 42 stepping 7, cmov, cx8, fxsr, mmx, sse, sse2, sse3, ssse3, sse4.1, sse4.2, popcnt, avx, ht, tsc, tscinvbit

/proc/cpuinfo:
processor	: 0
vendor_id	: GenuineIntel
cpu family	: 6
model		: 42
model name	: Intel(R) Core(TM) i7-2670QM CPU @ 2.20GHz
stepping	: 7
microcode	: 0x1a
cpu MHz		: 800.000
cache size	: 6144 KB
physical id	: 0
siblings	: 8
core id		: 0
cpu cores	: 4
apicid		: 0
initial apicid	: 0
fpu		: yes
fpu_exception	: yes
cpuid level	: 13
wp		: yes
flags		: fpu vme de pse tsc msr pae mce cx8 apic sep mtrr pge mca cmov pat pse36 clflush dts acpi mmx fxsr sse sse2 ss ht tm pbe syscall nx rdtscp lm constant_tsc arch_perfmon pebs bts rep_good nopl xtopology nonstop_tsc aperfmperf eagerfpu pni pclmulqdq dtes64 monitor ds_cpl vmx est tm2 ssse3 cx16 xtpr pdcm pcid sse4_1 sse4_2 x2apic popcnt tsc_deadline_timer aes xsave avx lahf_lm ida arat epb xsaveopt pln pts dtherm tpr_shadow vnmi flexpriority ept vpid
bogomips	: 4385.68
clflush size	: 64
cache_alignment	: 64
address sizes	: 36 bits physical, 48 bits virtual
power management:

processor	: 1
vendor_id	: GenuineIntel
cpu family	: 6
model		: 42
model name	: Intel(R) Core(TM) i7-2670QM CPU @ 2.20GHz
stepping	: 7
microcode	: 0x1a
cpu MHz		: 800.000
cache size	: 6144 KB
physical id	: 0
siblings	: 8
core id		: 0
cpu cores	: 4
apicid		: 1
initial apicid	: 1
fpu		: yes
fpu_exception	: yes
cpuid level	: 13
wp		: yes
flags		: fpu vme de pse tsc msr pae mce cx8 apic sep mtrr pge mca cmov pat pse36 clflush dts acpi mmx fxsr sse sse2 ss ht tm pbe syscall nx rdtscp lm constant_tsc arch_perfmon pebs bts rep_good nopl xtopology nonstop_tsc aperfmperf eagerfpu pni pclmulqdq dtes64 monitor ds_cpl vmx est tm2 ssse3 cx16 xtpr pdcm pcid sse4_1 sse4_2 x2apic popcnt tsc_deadline_timer aes xsave avx lahf_lm ida arat epb xsaveopt pln pts dtherm tpr_shadow vnmi flexpriority ept vpid
bogomips	: 4385.68
clflush size	: 64
cache_alignment	: 64
address sizes	: 36 bits physical, 48 bits virtual
power management:

processor	: 2
vendor_id	: GenuineIntel
cpu family	: 6
model		: 42
model name	: Intel(R) Core(TM) i7-2670QM CPU @ 2.20GHz
stepping	: 7
microcode	: 0x1a
cpu MHz		: 2201.000
cache size	: 6144 KB
physical id	: 0
siblings	: 8
core id		: 1
cpu cores	: 4
apicid		: 2
initial apicid	: 2
fpu		: yes
fpu_exception	: yes
cpuid level	: 13
wp		: yes
flags		: fpu vme de pse tsc msr pae mce cx8 apic sep mtrr pge mca cmov pat pse36 clflush dts acpi mmx fxsr sse sse2 ss ht tm pbe syscall nx rdtscp lm constant_tsc arch_perfmon pebs bts rep_good nopl xtopology nonstop_tsc aperfmperf eagerfpu pni pclmulqdq dtes64 monitor ds_cpl vmx est tm2 ssse3 cx16 xtpr pdcm pcid sse4_1 sse4_2 x2apic popcnt tsc_deadline_timer aes xsave avx lahf_lm ida arat epb xsaveopt pln pts dtherm tpr_shadow vnmi flexpriority ept vpid
bogomips	: 4385.68
clflush size	: 64
cache_alignment	: 64
address sizes	: 36 bits physical, 48 bits virtual
power management:

processor	: 3
vendor_id	: GenuineIntel
cpu family	: 6
model		: 42
model name	: Intel(R) Core(TM) i7-2670QM CPU @ 2.20GHz
stepping	: 7
microcode	: 0x1a
cpu MHz		: 800.000
cache size	: 6144 KB
physical id	: 0
siblings	: 8
core id		: 1
cpu cores	: 4
apicid		: 3
initial apicid	: 3
fpu		: yes
fpu_exception	: yes
cpuid level	: 13
wp		: yes
flags		: fpu vme de pse tsc msr pae mce cx8 apic sep mtrr pge mca cmov pat pse36 clflush dts acpi mmx fxsr sse sse2 ss ht tm pbe syscall nx rdtscp lm constant_tsc arch_perfmon pebs bts rep_good nopl xtopology nonstop_tsc aperfmperf eagerfpu pni pclmulqdq dtes64 monitor ds_cpl vmx est tm2 ssse3 cx16 xtpr pdcm pcid sse4_1 sse4_2 x2apic popcnt tsc_deadline_timer aes xsave avx lahf_lm ida arat epb xsaveopt pln pts dtherm tpr_shadow vnmi flexpriority ept vpid
bogomips	: 4385.68
clflush size	: 64
cache_alignment	: 64
address sizes	: 36 bits physical, 48 bits virtual
power management:

processor	: 4
vendor_id	: GenuineIntel
cpu family	: 6
model		: 42
model name	: Intel(R) Core(TM) i7-2670QM CPU @ 2.20GHz
stepping	: 7
microcode	: 0x1a
cpu MHz		: 800.000
cache size	: 6144 KB
physical id	: 0
siblings	: 8
core id		: 2
cpu cores	: 4
apicid		: 4
initial apicid	: 4
fpu		: yes
fpu_exception	: yes
cpuid level	: 13
wp		: yes
flags		: fpu vme de pse tsc msr pae mce cx8 apic sep mtrr pge mca cmov pat pse36 clflush dts acpi mmx fxsr sse sse2 ss ht tm pbe syscall nx rdtscp lm constant_tsc arch_perfmon pebs bts rep_good nopl xtopology nonstop_tsc aperfmperf eagerfpu pni pclmulqdq dtes64 monitor ds_cpl vmx est tm2 ssse3 cx16 xtpr pdcm pcid sse4_1 sse4_2 x2apic popcnt tsc_deadline_timer aes xsave avx lahf_lm ida arat epb xsaveopt pln pts dtherm tpr_shadow vnmi flexpriority ept vpid
bogomips	: 4385.68
clflush size	: 64
cache_alignment	: 64
address sizes	: 36 bits physical, 48 bits virtual
power management:

processor	: 5
vendor_id	: GenuineIntel
cpu family	: 6
model		: 42
model name	: Intel(R) Core(TM) i7-2670QM CPU @ 2.20GHz
stepping	: 7
microcode	: 0x1a
cpu MHz		: 2201.000
cache size	: 6144 KB
physical id	: 0
siblings	: 8
core id		: 2
cpu cores	: 4
apicid		: 5
initial apicid	: 5
fpu		: yes
fpu_exception	: yes
cpuid level	: 13
wp		: yes
flags		: fpu vme de pse tsc msr pae mce cx8 apic sep mtrr pge mca cmov pat pse36 clflush dts acpi mmx fxsr sse sse2 ss ht tm pbe syscall nx rdtscp lm constant_tsc arch_perfmon pebs bts rep_good nopl xtopology nonstop_tsc aperfmperf eagerfpu pni pclmulqdq dtes64 monitor ds_cpl vmx est tm2 ssse3 cx16 xtpr pdcm pcid sse4_1 sse4_2 x2apic popcnt tsc_deadline_timer aes xsave avx lahf_lm ida arat epb xsaveopt pln pts dtherm tpr_shadow vnmi flexpriority ept vpid
bogomips	: 4385.68
clflush size	: 64
cache_alignment	: 64
address sizes	: 36 bits physical, 48 bits virtual
power management:

processor	: 6
vendor_id	: GenuineIntel
cpu family	: 6
model		: 42
model name	: Intel(R) Core(TM) i7-2670QM CPU @ 2.20GHz
stepping	: 7
microcode	: 0x1a
cpu MHz		: 800.000
cache size	: 6144 KB
physical id	: 0
siblings	: 8
core id		: 3
cpu cores	: 4
apicid		: 6
initial apicid	: 6
fpu		: yes
fpu_exception	: yes
cpuid level	: 13
wp		: yes
flags		: fpu vme de pse tsc msr pae mce cx8 apic sep mtrr pge mca cmov pat pse36 clflush dts acpi mmx fxsr sse sse2 ss ht tm pbe syscall nx rdtscp lm constant_tsc arch_perfmon pebs bts rep_good nopl xtopology nonstop_tsc aperfmperf eagerfpu pni pclmulqdq dtes64 monitor ds_cpl vmx est tm2 ssse3 cx16 xtpr pdcm pcid sse4_1 sse4_2 x2apic popcnt tsc_deadline_timer aes xsave avx lahf_lm ida arat epb xsaveopt pln pts dtherm tpr_shadow vnmi flexpriority ept vpid
bogomips	: 4385.68
clflush size	: 64
cache_alignment	: 64
address sizes	: 36 bits physical, 48 bits virtual
power management:

processor	: 7
vendor_id	: GenuineIntel
cpu family	: 6
model		: 42
model name	: Intel(R) Core(TM) i7-2670QM CPU @ 2.20GHz
stepping	: 7
microcode	: 0x1a
cpu MHz		: 800.000
cache size	: 6144 KB
physical id	: 0
siblings	: 8
core id		: 3
cpu cores	: 4
apicid		: 7
initial apicid	: 7
fpu		: yes
fpu_exception	: yes
cpuid level	: 13
wp		: yes
flags		: fpu vme de pse tsc msr pae mce cx8 apic sep mtrr pge mca cmov pat pse36 clflush dts acpi mmx fxsr sse sse2 ss ht tm pbe syscall nx rdtscp lm constant_tsc arch_perfmon pebs bts rep_good nopl xtopology nonstop_tsc aperfmperf eagerfpu pni pclmulqdq dtes64 monitor ds_cpl vmx est tm2 ssse3 cx16 xtpr pdcm pcid sse4_1 sse4_2 x2apic popcnt tsc_deadline_timer aes xsave avx lahf_lm ida arat epb xsaveopt pln pts dtherm tpr_shadow vnmi flexpriority ept vpid
bogomips	: 4385.68
clflush size	: 64
cache_alignment	: 64
address sizes	: 36 bits physical, 48 bits virtual
power management:



Memory: 4k page, physical 8123992k(5592380k free), swap 0k(0k free)

vm_info: OpenJDK 64-Bit Server VM (23.7-b01) for linux-amd64 JRE (1.7.0_21-b02), built on Apr 22 2013 07:43:15 by "buildd" with gcc 4.7.3

time: Mon Jun  3 13:32:48 2013
elapsed time: 0 seconds

